2025-09-03 20:14:56,738 - storage.main - WARNING - Could not create bucket: 403 POST https://storage.googleapis.com/storage/v1/b?project=stately-timing-460513-s0&prettyPrint=false: The billing account for the owning project is disabled in state absent. This might be due to billing issues.
2025-09-03 20:15:16,918 - db.main - ERROR - Error connecting to the database: connection to server at "ep-weathered-flower-adbe2c7x-pooler.c-2.us-east-1.aws.neon.tech" (54.156.15.30), port 5432 failed: server closed the connection unexpectedly
	This probably means the server terminated abnormally
	before or while processing the request.

2025-09-03 20:15:16,919 - db.main - ERROR - Error executing query: 'NoneType' object has no attribute 'execute'
2025-09-03 20:15:16,920 - db.main - ERROR - Error executing query: 'NoneType' object has no attribute 'execute'
2025-09-03 20:15:18,465 - __main__ - INFO - Starting download...
2025-09-03 20:15:21,097 - __main__ - INFO - Video Title: TEENS TAKOVER SERVICE
2025-09-03 20:15:21,098 - __main__ - INFO - Video downloaded successfully: input/TEENS TAKOVER SERVICE.mp4
2025-09-03 20:15:21,586 - __main__ - INFO - Video duration: 4491.58 seconds
2025-09-03 20:15:21,586 - __main__ - INFO - Creating 5 segments of 15.0 minutes each
2025-09-03 20:15:21,587 - __main__ - INFO - Processing segment 1: Writing to output/TEENS-TAKOVER-SERVICE/TEENS-TAKOVER-SERVICE_segment_001.mp4...
2025-09-03 20:15:21,589 - __main__ - INFO - Processing segment 2: Writing to output/TEENS-TAKOVER-SERVICE/TEENS-TAKOVER-SERVICE_segment_002.mp4...
2025-09-03 20:15:21,589 - __main__ - INFO - Processing segment 3: Writing to output/TEENS-TAKOVER-SERVICE/TEENS-TAKOVER-SERVICE_segment_003.mp4...
2025-09-03 20:15:21,590 - __main__ - INFO - Processing segment 4: Writing to output/TEENS-TAKOVER-SERVICE/TEENS-TAKOVER-SERVICE_segment_004.mp4...
2025-09-03 20:15:21,593 - __main__ - INFO - Processing segment 5: Writing to output/TEENS-TAKOVER-SERVICE/TEENS-TAKOVER-SERVICE_segment_005.mp4...
2025-09-03 20:19:00,299 - __main__ - INFO - Successfully created segment 5
2025-09-03 20:19:03,859 - __main__ - INFO - Successfully created segment 1
2025-09-03 20:19:10,186 - __main__ - INFO - Successfully created segment 4
2025-09-03 20:19:18,122 - __main__ - INFO - Successfully created segment 2
2025-09-03 20:19:19,470 - __main__ - INFO - Successfully created segment 3
2025-09-03 20:19:19,472 - __main__ - INFO - Successfully created 5 video segments in output/TEENS-TAKOVER-SERVICE
2025-09-03 20:19:19,472 - __main__ - INFO - compressing the output folder
2025-09-03 20:19:24,951 - __main__ - INFO - TEENS-TAKOVER-SERVICE is done compressing 
2025-09-03 20:19:24,951 - __main__ - INFO - done
2025-09-03 20:19:30,652 - __main__ - INFO - Notification email sent successfully to jemolife69@gmail.com
2025-09-03 21:04:25,399 - storage.main - ERROR - An unexpected error occurred during bucket creation: Your default credentials were not found. To set up Application Default Credentials, see https://cloud.google.com/docs/authentication/external/set-up-adc for more information.
2025-09-03 21:04:25,407 - db.main - ERROR - Error connecting to the database: invalid integer value "port" for connection option "port"

2025-09-03 21:04:25,408 - db.main - ERROR - Error executing query: 'NoneType' object has no attribute 'execute'
2025-09-03 21:04:25,408 - db.main - ERROR - Error executing query: 'NoneType' object has no attribute 'execute'
2025-09-03 21:04:26,743 - __main__ - ERROR - An error occurred with the YouTube API request: 400 Client Error: Bad Request for url: https://www.googleapis.com/youtube/v3/search?part=snippet&channelId=UC-mvrwYr8tk6Gk8H3C8r1bg&eventType=completed&type=video&order=date&maxResults=1&key=dummy_key
